<?xml version="1.0" encoding="UTF-8" ?>
<testsuite tests="5" failures="5" name="dao.chuyenDeDAOTest" time="0.089" errors="0" skipped="0">
  <properties>
[...]
</properties>
  <testcase classname="dao.chuyenDeDAOTest" name="dao.chuyenDeDAOTest.testFindById" time="0.088">
    <failure type="java.lang.NullPointerException">java.lang.NullPointerException
	at dao.chuyenDeDAO.select(chuyenDeDAO.java:41)
	at dao.chuyenDeDAO.findById(chuyenDeDAO.java:103)
	at dao.chuyenDeDAOTest.testFindById(chuyenDeDAOTest.java:106)
</failure>
    <system-out>findById
</system-out>
    <system-err>Oct 26, 2020 9:42:36 AM helper.jdbcHelper &lt;clinit&gt;
SEVERE: null
java.lang.ClassNotFoundException: com.microsoft.sqlserver.jdbc.SQLServerDriver
	at java.base/jdk.internal.loader.BuiltinClassLoader.loadClass(BuiltinClassLoader.java:602)
	at java.base/jdk.internal.loader.ClassLoaders$AppClassLoader.loadClass(ClassLoaders.java:178)
	at java.base/java.lang.ClassLoader.loadClass(ClassLoader.java:521)
	at java.base/java.lang.Class.forName0(Native Method)
	at java.base/java.lang.Class.forName(Class.java:333)
	at helper.jdbcHelper.&lt;clinit&gt;(jdbcHelper.java:29)
	at dao.chuyenDeDAO.select(chuyenDeDAO.java:36)
	at dao.chuyenDeDAO.findById(chuyenDeDAO.java:103)
	at dao.chuyenDeDAOTest.testFindById(chuyenDeDAOTest.java:106)
	at java.base/jdk.internal.reflect.NativeMethodAccessorImpl.invoke0(Native Method)
	at java.base/jdk.internal.reflect.NativeMethodAccessorImpl.invoke(NativeMethodAccessorImpl.java:62)
	at java.base/jdk.internal.reflect.DelegatingMethodAccessorImpl.invoke(DelegatingMethodAccessorImpl.java:43)
	at java.base/java.lang.reflect.Method.invoke(Method.java:567)
	at org.apache.maven.surefire.junit.PojoTestSet.executeTestMethod(PojoTestSet.java:151)
	at org.apache.maven.surefire.junit.PojoTestSet.executeTestMethods(PojoTestSet.java:102)
	at org.apache.maven.surefire.junit.PojoTestSet.execute(PojoTestSet.java:83)
	at org.apache.maven.surefire.junit.JUnit3Provider.executeTestSet(JUnit3Provider.java:121)
	at org.apache.maven.surefire.junit.JUnit3Provider.invoke(JUnit3Provider.java:98)
	at java.base/jdk.internal.reflect.NativeMethodAccessorImpl.invoke0(Native Method)
	at java.base/jdk.internal.reflect.NativeMethodAccessorImpl.invoke(NativeMethodAccessorImpl.java:62)
	at java.base/jdk.internal.reflect.DelegatingMethodAccessorImpl.invoke(DelegatingMethodAccessorImpl.java:43)
	at java.base/java.lang.reflect.Method.invoke(Method.java:567)
	at org.apache.maven.surefire.util.ReflectionUtils.invokeMethodWithArray(ReflectionUtils.java:189)
	at org.apache.maven.surefire.booter.ProviderFactory$ProviderProxy.invoke(ProviderFactory.java:165)
	at org.apache.maven.surefire.booter.ProviderFactory.invokeProvider(ProviderFactory.java:85)
	at org.apache.maven.surefire.booter.ForkedBooter.runSuitesInProcess(ForkedBooter.java:115)
	at org.apache.maven.surefire.booter.ForkedBooter.main(ForkedBooter.java:75)

</system-err>
  </testcase>
  <testcase classname="dao.chuyenDeDAOTest" name="dao.chuyenDeDAOTest.testInsert" time="0.001">
    <failure type="java.lang.NullPointerException">java.lang.NullPointerException
	at dao.chuyenDeDAO.insert(chuyenDeDAO.java:55)
	at dao.chuyenDeDAOTest.testInsert(chuyenDeDAOTest.java:54)
</failure>
    <system-out>insert
</system-out>
  </testcase>
  <testcase classname="dao.chuyenDeDAOTest" name="dao.chuyenDeDAOTest.testUpdate" time="0">
    <failure type="java.lang.NullPointerException">java.lang.NullPointerException
	at dao.chuyenDeDAO.update(chuyenDeDAO.java:70)
	at dao.chuyenDeDAOTest.testUpdate(chuyenDeDAOTest.java:67)
</failure>
    <system-out>update
</system-out>
  </testcase>
  <testcase classname="dao.chuyenDeDAOTest" name="dao.chuyenDeDAOTest.testSelect" time="0">
    <failure type="java.lang.NullPointerException">java.lang.NullPointerException
	at dao.chuyenDeDAO.select(chuyenDeDAO.java:41)
	at dao.chuyenDeDAO.select(chuyenDeDAO.java:93)
	at dao.chuyenDeDAOTest.testSelect(chuyenDeDAOTest.java:93)
</failure>
    <system-out>select
</system-out>
  </testcase>
  <testcase classname="dao.chuyenDeDAOTest" name="dao.chuyenDeDAOTest.testDelete" time="0">
    <failure message="java.sql.SQLException: No suitable driver found for jdbc:sqlserver://localhost:1433;databaseName=Polypro" type="java.lang.RuntimeException">java.lang.RuntimeException: java.sql.SQLException: No suitable driver found for jdbc:sqlserver://localhost:1433;databaseName=Polypro
	at helper.jdbcHelper.executeUpdate(jdbcHelper.java:70)
	at dao.chuyenDeDAO.delete(chuyenDeDAO.java:84)
	at dao.chuyenDeDAOTest.testDelete(chuyenDeDAOTest.java:80)
Caused by: java.sql.SQLException: No suitable driver found for jdbc:sqlserver://localhost:1433;databaseName=Polypro
	at java.sql/java.sql.DriverManager.getConnection(DriverManager.java:702)
	at java.sql/java.sql.DriverManager.getConnection(DriverManager.java:228)
	at helper.jdbcHelper.preparedStatement(jdbcHelper.java:44)
	at helper.jdbcHelper.executeUpdate(jdbcHelper.java:63)
	... 20 more
</failure>
    <system-out>delete
</system-out>
  </testcase>
</testsuite>