<?xml version="1.0" encoding="UTF-8" ?>
<testsuite tests="7" failures="7" name="dao.hocVienDAOTest" time="0.096" errors="0" skipped="0">
  <properties>
[...]
</properties>
  <testcase classname="dao.hocVienDAOTest" name="dao.hocVienDAOTest.testSelect_String_ObjectArr" time="0.093">
    <failure type="java.lang.NullPointerException">java.lang.NullPointerException
	at dao.hocVienDAO.select(hocVienDAO.java:42)
	at dao.hocVienDAOTest.testSelect_String_ObjectArr(hocVienDAOTest.java:68)
</failure>
    <system-out>select
</system-out>
    <system-err>Oct 14, 2020 10:04:07 AM helper.jdbcHelper &lt;clinit&gt;
SEVERE: null
java.lang.ClassNotFoundException: com.microsoft.sqlserver.jdbc.SQLServerDriver
	at java.base/jdk.internal.loader.BuiltinClassLoader.loadClass(BuiltinClassLoader.java:602)
	at java.base/jdk.internal.loader.ClassLoaders$AppClassLoader.loadClass(ClassLoaders.java:178)
	at java.base/java.lang.ClassLoader.loadClass(ClassLoader.java:521)
	at java.base/java.lang.Class.forName0(Native Method)
	at java.base/java.lang.Class.forName(Class.java:333)
	at helper.jdbcHelper.&lt;clinit&gt;(jdbcHelper.java:29)
	at dao.hocVienDAO.select(hocVienDAO.java:37)
	at dao.hocVienDAOTest.testSelect_String_ObjectArr(hocVienDAOTest.java:68)
	at java.base/jdk.internal.reflect.NativeMethodAccessorImpl.invoke0(Native Method)
	at java.base/jdk.internal.reflect.NativeMethodAccessorImpl.invoke(NativeMethodAccessorImpl.java:62)
	at java.base/jdk.internal.reflect.DelegatingMethodAccessorImpl.invoke(DelegatingMethodAccessorImpl.java:43)
	at java.base/java.lang.reflect.Method.invoke(Method.java:567)
	at org.apache.maven.surefire.junit.PojoTestSet.executeTestMethod(PojoTestSet.java:151)
	at org.apache.maven.surefire.junit.PojoTestSet.executeTestMethods(PojoTestSet.java:102)
	at org.apache.maven.surefire.junit.PojoTestSet.execute(PojoTestSet.java:83)
	at org.apache.maven.surefire.junit.JUnit3Provider.executeTestSet(JUnit3Provider.java:121)
	at org.apache.maven.surefire.junit.JUnit3Provider.invoke(JUnit3Provider.java:98)
	at java.base/jdk.internal.reflect.NativeMethodAccessorImpl.invoke0(Native Method)
	at java.base/jdk.internal.reflect.NativeMethodAccessorImpl.invoke(NativeMethodAccessorImpl.java:62)
	at java.base/jdk.internal.reflect.DelegatingMethodAccessorImpl.invoke(DelegatingMethodAccessorImpl.java:43)
	at java.base/java.lang.reflect.Method.invoke(Method.java:567)
	at org.apache.maven.surefire.util.ReflectionUtils.invokeMethodWithArray(ReflectionUtils.java:189)
	at org.apache.maven.surefire.booter.ProviderFactory$ProviderProxy.invoke(ProviderFactory.java:165)
	at org.apache.maven.surefire.booter.ProviderFactory.invokeProvider(ProviderFactory.java:85)
	at org.apache.maven.surefire.booter.ForkedBooter.runSuitesInProcess(ForkedBooter.java:115)
	at org.apache.maven.surefire.booter.ForkedBooter.main(ForkedBooter.java:75)

</system-err>
  </testcase>
  <testcase classname="dao.hocVienDAOTest" name="dao.hocVienDAOTest.testReadFromResultSet" time="0">
    <failure type="java.lang.NullPointerException">java.lang.NullPointerException
	at dao.hocVienDAO.readFromResultSet(hocVienDAO.java:24)
	at dao.hocVienDAOTest.testReadFromResultSet(hocVienDAOTest.java:52)
</failure>
    <system-out>readFromResultSet
</system-out>
  </testcase>
  <testcase classname="dao.hocVienDAOTest" name="dao.hocVienDAOTest.testUpdate" time="0">
    <failure type="java.lang.NullPointerException">java.lang.NullPointerException
	at dao.hocVienDAO.update(hocVienDAO.java:63)
	at dao.hocVienDAOTest.testUpdate(hocVienDAOTest.java:95)
</failure>
    <system-out>update
</system-out>
  </testcase>
  <testcase classname="dao.hocVienDAOTest" name="dao.hocVienDAOTest.testDelete" time="0.001">
    <failure message="java.sql.SQLException: No suitable driver found for jdbc:sqlserver://localhost:1433;databaseName=Polypro" type="java.lang.RuntimeException">java.lang.RuntimeException: java.sql.SQLException: No suitable driver found for jdbc:sqlserver://localhost:1433;databaseName=Polypro
	at helper.jdbcHelper.executeUpdate(jdbcHelper.java:70)
	at dao.hocVienDAO.delete(hocVienDAO.java:72)
	at dao.hocVienDAOTest.testDelete(hocVienDAOTest.java:108)
Caused by: java.sql.SQLException: No suitable driver found for jdbc:sqlserver://localhost:1433;databaseName=Polypro
	at java.sql/java.sql.DriverManager.getConnection(DriverManager.java:702)
	at java.sql/java.sql.DriverManager.getConnection(DriverManager.java:228)
	at helper.jdbcHelper.preparedStatement(jdbcHelper.java:44)
	at helper.jdbcHelper.executeUpdate(jdbcHelper.java:63)
	... 20 more
</failure>
    <system-out>delete
</system-out>
  </testcase>
  <testcase classname="dao.hocVienDAOTest" name="dao.hocVienDAOTest.testSelect_0args" time="0">
    <failure type="java.lang.NullPointerException">java.lang.NullPointerException
	at dao.hocVienDAO.select(hocVienDAO.java:42)
	at dao.hocVienDAO.select(hocVienDAO.java:79)
	at dao.hocVienDAOTest.testSelect_0args(hocVienDAOTest.java:121)
</failure>
    <system-out>select
</system-out>
  </testcase>
  <testcase classname="dao.hocVienDAOTest" name="dao.hocVienDAOTest.testInsert" time="0.001">
    <failure type="java.lang.NullPointerException">java.lang.NullPointerException
	at dao.hocVienDAO.insert(hocVienDAO.java:54)
	at dao.hocVienDAOTest.testInsert(hocVienDAOTest.java:82)
</failure>
    <system-out>insert
</system-out>
  </testcase>
  <testcase classname="dao.hocVienDAOTest" name="dao.hocVienDAOTest.testFindById" time="0.001">
    <failure type="java.lang.NullPointerException">java.lang.NullPointerException
	at dao.hocVienDAO.select(hocVienDAO.java:42)
	at dao.hocVienDAO.findById(hocVienDAO.java:85)
	at dao.hocVienDAOTest.testFindById(hocVienDAOTest.java:136)
</failure>
    <system-out>findById
</system-out>
  </testcase>
</testsuite>