<?xml version="1.0" encoding="UTF-8" ?>
<testsuite tests="19" failures="13" name="model.khoaHocTest" time="0.21" errors="0" skipped="0">
  <properties>
[...]
</properties>
  <testcase classname="model.khoaHocTest" name="model.khoaHocTest.testSetMaCD" time="0.011"/>
  <testcase classname="model.khoaHocTest" name="model.khoaHocTest.testGetMaKH" time="0.144">
    <failure message="The test case is a prototype." type="org.opentest4j.AssertionFailedError">org.opentest4j.AssertionFailedError: The test case is a prototype.
	at org.junit.jupiter.api.AssertionUtils.fail(AssertionUtils.java:38)
	at org.junit.jupiter.api.Assertions.fail(Assertions.java:84)
	at model.khoaHocTest.testGetMaKH(khoaHocTest.java:66)
</failure>
  </testcase>
  <testcase classname="model.khoaHocTest" name="model.khoaHocTest.testSetMaKH" time="0.007">
    <failure message="expected: &lt;123&gt; but was: &lt;0&gt;" type="org.opentest4j.AssertionFailedError">org.opentest4j.AssertionFailedError: expected: &lt;123&gt; but was: &lt;0&gt;
	at org.junit.jupiter.api.AssertionUtils.fail(AssertionUtils.java:54)
	at org.junit.jupiter.api.AssertEquals.failNotEqual(AssertEquals.java:195)
	at org.junit.jupiter.api.AssertEquals.assertEquals(AssertEquals.java:184)
	at org.junit.jupiter.api.AssertEquals.assertEquals(AssertEquals.java:179)
	at org.junit.jupiter.api.Assertions.assertEquals(Assertions.java:508)
	at model.khoaHocTest.testSetMaKH(khoaHocTest.java:79)
</failure>
  </testcase>
  <testcase classname="model.khoaHocTest" name="model.khoaHocTest.testGetMaCD" time="0.002">
    <failure message="expected: &lt;&gt; but was: &lt;null&gt;" type="org.opentest4j.AssertionFailedError">org.opentest4j.AssertionFailedError: expected: &lt;&gt; but was: &lt;null&gt;
	at org.junit.jupiter.api.AssertionUtils.fail(AssertionUtils.java:54)
	at org.junit.jupiter.api.AssertEquals.failNotEqual(AssertEquals.java:195)
	at org.junit.jupiter.api.AssertEquals.assertEquals(AssertEquals.java:184)
	at org.junit.jupiter.api.AssertEquals.assertEquals(AssertEquals.java:179)
	at org.junit.jupiter.api.Assertions.assertEquals(Assertions.java:508)
	at model.khoaHocTest.testGetMaCD(khoaHocTest.java:91)
</failure>
    <system-out>getMaCD
</system-out>
  </testcase>
  <testcase classname="model.khoaHocTest" name="model.khoaHocTest.testGetNgayTao" time="0.009">
    <failure message="expected: &lt;null&gt; but was: &lt;Mon Oct 26 09:44:27 HOVT 2020&gt;" type="org.opentest4j.AssertionFailedError">org.opentest4j.AssertionFailedError: expected: &lt;null&gt; but was: &lt;Mon Oct 26 09:44:27 HOVT 2020&gt;
	at org.junit.jupiter.api.AssertionUtils.fail(AssertionUtils.java:54)
	at org.junit.jupiter.api.AssertEquals.failNotEqual(AssertEquals.java:195)
	at org.junit.jupiter.api.AssertEquals.assertEquals(AssertEquals.java:184)
	at org.junit.jupiter.api.AssertEquals.assertEquals(AssertEquals.java:179)
	at org.junit.jupiter.api.Assertions.assertEquals(Assertions.java:508)
	at model.khoaHocTest.testGetNgayTao(khoaHocTest.java:281)
</failure>
    <system-out>getNgayTao
</system-out>
  </testcase>
  <testcase classname="model.khoaHocTest" name="model.khoaHocTest.testSetNgayKG" time="0"/>
  <testcase classname="model.khoaHocTest" name="model.khoaHocTest.testSetNgayTao" time="0"/>
  <testcase classname="model.khoaHocTest" name="model.khoaHocTest.testGetThoiLuong" time="0.001">
    <failure message="The test case is a prototype." type="org.opentest4j.AssertionFailedError">org.opentest4j.AssertionFailedError: The test case is a prototype.
	at org.junit.jupiter.api.AssertionUtils.fail(AssertionUtils.java:38)
	at org.junit.jupiter.api.Assertions.fail(Assertions.java:84)
	at model.khoaHocTest.testGetThoiLuong(khoaHocTest.java:173)
</failure>
    <system-out>getThoiLuong
</system-out>
  </testcase>
  <testcase classname="model.khoaHocTest" name="model.khoaHocTest.testGetHocPhi" time="0.002">
    <failure message="positive delta expected but was: &lt;0.0&gt;" type="org.opentest4j.AssertionFailedError">org.opentest4j.AssertionFailedError: positive delta expected but was: &lt;0.0&gt;
	at org.junit.jupiter.api.AssertionUtils.fail(AssertionUtils.java:38)
	at org.junit.jupiter.api.AssertionUtils.failIllegalDelta(AssertionUtils.java:177)
	at org.junit.jupiter.api.AssertionUtils.assertValidDelta(AssertionUtils.java:152)
	at org.junit.jupiter.api.AssertionUtils.doublesAreEqual(AssertionUtils.java:161)
	at org.junit.jupiter.api.AssertEquals.assertEquals(AssertEquals.java:87)
	at org.junit.jupiter.api.AssertEquals.assertEquals(AssertEquals.java:83)
	at org.junit.jupiter.api.Assertions.assertEquals(Assertions.java:479)
	at model.khoaHocTest.testGetHocPhi(khoaHocTest.java:118)
</failure>
    <system-out>getHocPhi
</system-out>
  </testcase>
  <testcase classname="model.khoaHocTest" name="model.khoaHocTest.testSetThoiLuong" time="0"/>
  <testcase classname="model.khoaHocTest" name="model.khoaHocTest.testSetHocPhilon" time="0.006">
    <failure message="Expected java.lang.Exception to be thrown, but nothing was thrown." type="org.opentest4j.AssertionFailedError">org.opentest4j.AssertionFailedError: Expected java.lang.Exception to be thrown, but nothing was thrown.
	at org.junit.jupiter.api.AssertThrows.assertThrows(AssertThrows.java:69)
	at org.junit.jupiter.api.AssertThrows.assertThrows(AssertThrows.java:36)
	at org.junit.jupiter.api.Assertions.assertThrows(Assertions.java:1179)
	at model.khoaHocTest.testSetHocPhilon(khoaHocTest.java:157)
</failure>
  </testcase>
  <testcase classname="model.khoaHocTest" name="model.khoaHocTest.testSetHocPhiam" time="0.001">
    <failure message="Expected java.lang.Exception to be thrown, but nothing was thrown." type="org.opentest4j.AssertionFailedError">org.opentest4j.AssertionFailedError: Expected java.lang.Exception to be thrown, but nothing was thrown.
	at org.junit.jupiter.api.AssertThrows.assertThrows(AssertThrows.java:69)
	at org.junit.jupiter.api.AssertThrows.assertThrows(AssertThrows.java:36)
	at org.junit.jupiter.api.Assertions.assertThrows(Assertions.java:1179)
	at model.khoaHocTest.testSetHocPhiam(khoaHocTest.java:146)
</failure>
  </testcase>
  <testcase classname="model.khoaHocTest" name="model.khoaHocTest.testGetNgayKG" time="0.001">
    <failure message="The test case is a prototype." type="org.opentest4j.AssertionFailedError">org.opentest4j.AssertionFailedError: The test case is a prototype.
	at org.junit.jupiter.api.AssertionUtils.fail(AssertionUtils.java:38)
	at org.junit.jupiter.api.Assertions.fail(Assertions.java:84)
	at model.khoaHocTest.testGetNgayKG(khoaHocTest.java:200)
</failure>
    <system-out>getNgayKG
</system-out>
  </testcase>
  <testcase classname="model.khoaHocTest" name="model.khoaHocTest.testGetMaNV" time="0.001">
    <failure message="expected: &lt;&gt; but was: &lt;null&gt;" type="org.opentest4j.AssertionFailedError">org.opentest4j.AssertionFailedError: expected: &lt;&gt; but was: &lt;null&gt;
	at org.junit.jupiter.api.AssertionUtils.fail(AssertionUtils.java:54)
	at org.junit.jupiter.api.AssertEquals.failNotEqual(AssertEquals.java:195)
	at org.junit.jupiter.api.AssertEquals.assertEquals(AssertEquals.java:184)
	at org.junit.jupiter.api.AssertEquals.assertEquals(AssertEquals.java:179)
	at org.junit.jupiter.api.Assertions.assertEquals(Assertions.java:508)
	at model.khoaHocTest.testGetMaNV(khoaHocTest.java:253)
</failure>
    <system-out>getMaNV
</system-out>
  </testcase>
  <testcase classname="model.khoaHocTest" name="model.khoaHocTest.testSetHocPhi" time="0.001">
    <failure message="positive delta expected but was: &lt;0.0&gt;" type="org.opentest4j.AssertionFailedError">org.opentest4j.AssertionFailedError: positive delta expected but was: &lt;0.0&gt;
	at org.junit.jupiter.api.AssertionUtils.fail(AssertionUtils.java:38)
	at org.junit.jupiter.api.AssertionUtils.failIllegalDelta(AssertionUtils.java:177)
	at org.junit.jupiter.api.AssertionUtils.assertValidDelta(AssertionUtils.java:152)
	at org.junit.jupiter.api.AssertionUtils.doublesAreEqual(AssertionUtils.java:161)
	at org.junit.jupiter.api.AssertEquals.assertEquals(AssertEquals.java:87)
	at org.junit.jupiter.api.AssertEquals.assertEquals(AssertEquals.java:83)
	at org.junit.jupiter.api.Assertions.assertEquals(Assertions.java:479)
	at model.khoaHocTest.testSetHocPhi(khoaHocTest.java:136)
</failure>
  </testcase>
  <testcase classname="model.khoaHocTest" name="model.khoaHocTest.testSetMaNV" time="0"/>
  <testcase classname="model.khoaHocTest" name="model.khoaHocTest.testGetGhiChu" time="0.001">
    <failure message="expected: &lt;&gt; but was: &lt;null&gt;" type="org.opentest4j.AssertionFailedError">org.opentest4j.AssertionFailedError: expected: &lt;&gt; but was: &lt;null&gt;
	at org.junit.jupiter.api.AssertionUtils.fail(AssertionUtils.java:54)
	at org.junit.jupiter.api.AssertEquals.failNotEqual(AssertEquals.java:195)
	at org.junit.jupiter.api.AssertEquals.assertEquals(AssertEquals.java:184)
	at org.junit.jupiter.api.AssertEquals.assertEquals(AssertEquals.java:179)
	at org.junit.jupiter.api.Assertions.assertEquals(Assertions.java:508)
	at model.khoaHocTest.testGetGhiChu(khoaHocTest.java:226)
</failure>
    <system-out>getGhiChu
</system-out>
  </testcase>
  <testcase classname="model.khoaHocTest" name="model.khoaHocTest.testSetGhiChu" time="0"/>
  <testcase classname="model.khoaHocTest" name="model.khoaHocTest.testToString" time="0.023">
    <failure message="expected: &lt;&gt; but was: &lt;null (null)&gt;" type="org.opentest4j.AssertionFailedError">org.opentest4j.AssertionFailedError: expected: &lt;&gt; but was: &lt;null (null)&gt;
	at org.junit.jupiter.api.AssertionUtils.fail(AssertionUtils.java:54)
	at org.junit.jupiter.api.AssertEquals.failNotEqual(AssertEquals.java:195)
	at org.junit.jupiter.api.AssertEquals.assertEquals(AssertEquals.java:184)
	at org.junit.jupiter.api.AssertEquals.assertEquals(AssertEquals.java:179)
	at org.junit.jupiter.api.Assertions.assertEquals(Assertions.java:508)
	at model.khoaHocTest.testToString(khoaHocTest.java:50)
</failure>
    <system-out>toString
</system-out>
  </testcase>
</testsuite>