<?xml version="1.0" encoding="UTF-8" ?>
<testsuite tests="14" failures="11" name="model.chuyenDeTest" time="0.049" errors="0" skipped="0">
  <properties>
[...]
</properties>
  <testcase classname="model.chuyenDeTest" name="model.chuyenDeTest.testSetTenCD" time="0.023">
    <failure message="The test case is a prototype." type="org.opentest4j.AssertionFailedError">org.opentest4j.AssertionFailedError: The test case is a prototype.
	at org.junit.jupiter.api.AssertionUtils.fail(AssertionUtils.java:38)
	at org.junit.jupiter.api.Assertions.fail(Assertions.java:84)
	at model.chuyenDeTest.testSetTenCD(chuyenDeTest.java:109)
</failure>
  </testcase>
  <testcase classname="model.chuyenDeTest" name="model.chuyenDeTest.testGetHocPhi" time="0">
    <failure message="positive delta expected but was: &lt;0.0&gt;" type="org.opentest4j.AssertionFailedError">org.opentest4j.AssertionFailedError: positive delta expected but was: &lt;0.0&gt;
	at org.junit.jupiter.api.AssertionUtils.fail(AssertionUtils.java:38)
	at org.junit.jupiter.api.AssertionUtils.failIllegalDelta(AssertionUtils.java:177)
	at org.junit.jupiter.api.AssertionUtils.assertValidDelta(AssertionUtils.java:152)
	at org.junit.jupiter.api.AssertionUtils.doublesAreEqual(AssertionUtils.java:161)
	at org.junit.jupiter.api.AssertEquals.assertEquals(AssertEquals.java:87)
	at org.junit.jupiter.api.AssertEquals.assertEquals(AssertEquals.java:83)
	at org.junit.jupiter.api.Assertions.assertEquals(Assertions.java:479)
	at model.chuyenDeTest.testGetHocPhi(chuyenDeTest.java:121)
</failure>
  </testcase>
  <testcase classname="model.chuyenDeTest" name="model.chuyenDeTest.testSetMaCD" time="0"/>
  <testcase classname="model.chuyenDeTest" name="model.chuyenDeTest.testGetTenCD" time="0">
    <failure message="The test case is a prototype." type="org.opentest4j.AssertionFailedError">org.opentest4j.AssertionFailedError: The test case is a prototype.
	at org.junit.jupiter.api.AssertionUtils.fail(AssertionUtils.java:38)
	at org.junit.jupiter.api.Assertions.fail(Assertions.java:84)
	at model.chuyenDeTest.testGetTenCD(chuyenDeTest.java:94)
</failure>
  </testcase>
  <testcase classname="model.chuyenDeTest" name="model.chuyenDeTest.testGetMaCD" time="0.014">
    <failure message="expected: &lt;&gt; but was: &lt;null&gt;" type="org.opentest4j.AssertionFailedError">org.opentest4j.AssertionFailedError: expected: &lt;&gt; but was: &lt;null&gt;
	at org.junit.jupiter.api.AssertionUtils.fail(AssertionUtils.java:54)
	at org.junit.jupiter.api.AssertEquals.failNotEqual(AssertEquals.java:195)
	at org.junit.jupiter.api.AssertEquals.assertEquals(AssertEquals.java:184)
	at org.junit.jupiter.api.AssertEquals.assertEquals(AssertEquals.java:179)
	at org.junit.jupiter.api.Assertions.assertEquals(Assertions.java:508)
	at model.chuyenDeTest.testGetMaCD(chuyenDeTest.java:62)
</failure>
  </testcase>
  <testcase classname="model.chuyenDeTest" name="model.chuyenDeTest.testSetHocPhiam" time="0.006">
    <failure message="Expected java.lang.Exception to be thrown, but nothing was thrown." type="org.opentest4j.AssertionFailedError">org.opentest4j.AssertionFailedError: Expected java.lang.Exception to be thrown, but nothing was thrown.
	at org.junit.jupiter.api.AssertThrows.assertThrows(AssertThrows.java:69)
	at org.junit.jupiter.api.AssertThrows.assertThrows(AssertThrows.java:36)
	at org.junit.jupiter.api.Assertions.assertThrows(Assertions.java:1179)
	at model.chuyenDeTest.testSetHocPhiam(chuyenDeTest.java:146)
</failure>
  </testcase>
  <testcase classname="model.chuyenDeTest" name="model.chuyenDeTest.testGetHinh" time="0.002">
    <failure message="expected: &lt;&gt; but was: &lt;null&gt;" type="org.opentest4j.AssertionFailedError">org.opentest4j.AssertionFailedError: expected: &lt;&gt; but was: &lt;null&gt;
	at org.junit.jupiter.api.AssertionUtils.fail(AssertionUtils.java:54)
	at org.junit.jupiter.api.AssertEquals.failNotEqual(AssertEquals.java:195)
	at org.junit.jupiter.api.AssertEquals.assertEquals(AssertEquals.java:184)
	at org.junit.jupiter.api.AssertEquals.assertEquals(AssertEquals.java:179)
	at org.junit.jupiter.api.Assertions.assertEquals(Assertions.java:508)
	at model.chuyenDeTest.testGetHinh(chuyenDeTest.java:195)
</failure>
    <system-out>getHinh
</system-out>
  </testcase>
  <testcase classname="model.chuyenDeTest" name="model.chuyenDeTest.testSetHocPhilon" time="0.001">
    <failure message="Expected java.lang.Exception to be thrown, but nothing was thrown." type="org.opentest4j.AssertionFailedError">org.opentest4j.AssertionFailedError: Expected java.lang.Exception to be thrown, but nothing was thrown.
	at org.junit.jupiter.api.AssertThrows.assertThrows(AssertThrows.java:69)
	at org.junit.jupiter.api.AssertThrows.assertThrows(AssertThrows.java:36)
	at org.junit.jupiter.api.Assertions.assertThrows(Assertions.java:1179)
	at model.chuyenDeTest.testSetHocPhilon(chuyenDeTest.java:157)
</failure>
  </testcase>
  <testcase classname="model.chuyenDeTest" name="model.chuyenDeTest.testGetThoiLuong" time="0.001">
    <failure message="The test case is a prototype." type="org.opentest4j.AssertionFailedError">org.opentest4j.AssertionFailedError: The test case is a prototype.
	at org.junit.jupiter.api.AssertionUtils.fail(AssertionUtils.java:38)
	at org.junit.jupiter.api.Assertions.fail(Assertions.java:84)
	at model.chuyenDeTest.testGetThoiLuong(chuyenDeTest.java:169)
</failure>
    <system-out>getThoiLuong
</system-out>
  </testcase>
  <testcase classname="model.chuyenDeTest" name="model.chuyenDeTest.testGetMoTa" time="0.001">
    <failure message="expected: &lt;&gt; but was: &lt;null&gt;" type="org.opentest4j.AssertionFailedError">org.opentest4j.AssertionFailedError: expected: &lt;&gt; but was: &lt;null&gt;
	at org.junit.jupiter.api.AssertionUtils.fail(AssertionUtils.java:54)
	at org.junit.jupiter.api.AssertEquals.failNotEqual(AssertEquals.java:195)
	at org.junit.jupiter.api.AssertEquals.assertEquals(AssertEquals.java:184)
	at org.junit.jupiter.api.AssertEquals.assertEquals(AssertEquals.java:179)
	at org.junit.jupiter.api.Assertions.assertEquals(Assertions.java:508)
	at model.chuyenDeTest.testGetMoTa(chuyenDeTest.java:223)
</failure>
    <system-out>getMoTa
</system-out>
  </testcase>
  <testcase classname="model.chuyenDeTest" name="model.chuyenDeTest.testSetMoTa" time="0"/>
  <testcase classname="model.chuyenDeTest" name="model.chuyenDeTest.testSetThoiLuong" time="0"/>
  <testcase classname="model.chuyenDeTest" name="model.chuyenDeTest.testSetHocPhi" time="0">
    <failure message="positive delta expected but was: &lt;0.0&gt;" type="org.opentest4j.AssertionFailedError">org.opentest4j.AssertionFailedError: positive delta expected but was: &lt;0.0&gt;
	at org.junit.jupiter.api.AssertionUtils.fail(AssertionUtils.java:38)
	at org.junit.jupiter.api.AssertionUtils.failIllegalDelta(AssertionUtils.java:177)
	at org.junit.jupiter.api.AssertionUtils.assertValidDelta(AssertionUtils.java:152)
	at org.junit.jupiter.api.AssertionUtils.doublesAreEqual(AssertionUtils.java:161)
	at org.junit.jupiter.api.AssertEquals.assertEquals(AssertEquals.java:87)
	at org.junit.jupiter.api.AssertEquals.assertEquals(AssertEquals.java:83)
	at org.junit.jupiter.api.Assertions.assertEquals(Assertions.java:479)
	at model.chuyenDeTest.testSetHocPhi(chuyenDeTest.java:136)
</failure>
  </testcase>
  <testcase classname="model.chuyenDeTest" name="model.chuyenDeTest.testSetHinh" time="0.001">
    <failure message="The test case is a prototype." type="org.opentest4j.AssertionFailedError">org.opentest4j.AssertionFailedError: The test case is a prototype.
	at org.junit.jupiter.api.AssertionUtils.fail(AssertionUtils.java:38)
	at org.junit.jupiter.api.Assertions.fail(Assertions.java:84)
	at model.chuyenDeTest.testSetHinh(chuyenDeTest.java:211)
</failure>
  </testcase>
</testsuite>