<?xml version="1.0" encoding="UTF-8" ?>
<testsuite tests="19" failures="11" name="model.nguoiHocTest" time="0.129" errors="0" skipped="0">
  <properties>
[...]
</properties>
  <testcase classname="model.nguoiHocTest" name="model.nguoiHocTest.testGetDienThoai" time="0.085">
    <failure message="expected: &lt;&gt; but was: &lt;null&gt;" type="org.opentest4j.AssertionFailedError">org.opentest4j.AssertionFailedError: expected: &lt;&gt; but was: &lt;null&gt;
	at org.junit.jupiter.api.AssertionUtils.fail(AssertionUtils.java:54)
	at org.junit.jupiter.api.AssertEquals.failNotEqual(AssertEquals.java:195)
	at org.junit.jupiter.api.AssertEquals.assertEquals(AssertEquals.java:184)
	at org.junit.jupiter.api.AssertEquals.assertEquals(AssertEquals.java:179)
	at org.junit.jupiter.api.Assertions.assertEquals(Assertions.java:508)
	at model.nguoiHocTest.testGetDienThoai(nguoiHocTest.java:169)
</failure>
    <system-out>getDienThoai
</system-out>
  </testcase>
  <testcase classname="model.nguoiHocTest" name="model.nguoiHocTest.testSetDienThoai" time="0"/>
  <testcase classname="model.nguoiHocTest" name="model.nguoiHocTest.testGetEmail" time="0">
    <failure message="expected: &lt;&gt; but was: &lt;null&gt;" type="org.opentest4j.AssertionFailedError">org.opentest4j.AssertionFailedError: expected: &lt;&gt; but was: &lt;null&gt;
	at org.junit.jupiter.api.AssertionUtils.fail(AssertionUtils.java:54)
	at org.junit.jupiter.api.AssertEquals.failNotEqual(AssertEquals.java:195)
	at org.junit.jupiter.api.AssertEquals.assertEquals(AssertEquals.java:184)
	at org.junit.jupiter.api.AssertEquals.assertEquals(AssertEquals.java:179)
	at org.junit.jupiter.api.Assertions.assertEquals(Assertions.java:508)
	at model.nguoiHocTest.testGetEmail(nguoiHocTest.java:196)
</failure>
    <system-out>getEmail
</system-out>
  </testcase>
  <testcase classname="model.nguoiHocTest" name="model.nguoiHocTest.testSetEmail" time="0"/>
  <testcase classname="model.nguoiHocTest" name="model.nguoiHocTest.testSetGhiChu" time="0.018"/>
  <testcase classname="model.nguoiHocTest" name="model.nguoiHocTest.testGetGhiChu" time="0">
    <failure message="expected: &lt;&gt; but was: &lt;null&gt;" type="org.opentest4j.AssertionFailedError">org.opentest4j.AssertionFailedError: expected: &lt;&gt; but was: &lt;null&gt;
	at org.junit.jupiter.api.AssertionUtils.fail(AssertionUtils.java:54)
	at org.junit.jupiter.api.AssertEquals.failNotEqual(AssertEquals.java:195)
	at org.junit.jupiter.api.AssertEquals.assertEquals(AssertEquals.java:184)
	at org.junit.jupiter.api.AssertEquals.assertEquals(AssertEquals.java:179)
	at org.junit.jupiter.api.Assertions.assertEquals(Assertions.java:508)
	at model.nguoiHocTest.testGetGhiChu(nguoiHocTest.java:225)
</failure>
    <system-out>getGhiChu
</system-out>
  </testcase>
  <testcase classname="model.nguoiHocTest" name="model.nguoiHocTest.testGetMaNV" time="0">
    <failure message="expected: &lt;&gt; but was: &lt;null&gt;" type="org.opentest4j.AssertionFailedError">org.opentest4j.AssertionFailedError: expected: &lt;&gt; but was: &lt;null&gt;
	at org.junit.jupiter.api.AssertionUtils.fail(AssertionUtils.java:54)
	at org.junit.jupiter.api.AssertEquals.failNotEqual(AssertEquals.java:195)
	at org.junit.jupiter.api.AssertEquals.assertEquals(AssertEquals.java:184)
	at org.junit.jupiter.api.AssertEquals.assertEquals(AssertEquals.java:179)
	at org.junit.jupiter.api.Assertions.assertEquals(Assertions.java:508)
	at model.nguoiHocTest.testGetMaNV(nguoiHocTest.java:252)
</failure>
    <system-out>getMaNV
</system-out>
  </testcase>
  <testcase classname="model.nguoiHocTest" name="model.nguoiHocTest.testSetMaNV" time="0"/>
  <testcase classname="model.nguoiHocTest" name="model.nguoiHocTest.testGetNgayDK" time="0.011">
    <failure message="expected: &lt;null&gt; but was: &lt;Mon Oct 26 10:06:43 HOVT 2020&gt;" type="org.opentest4j.AssertionFailedError">org.opentest4j.AssertionFailedError: expected: &lt;null&gt; but was: &lt;Mon Oct 26 10:06:43 HOVT 2020&gt;
	at org.junit.jupiter.api.AssertionUtils.fail(AssertionUtils.java:54)
	at org.junit.jupiter.api.AssertEquals.failNotEqual(AssertEquals.java:195)
	at org.junit.jupiter.api.AssertEquals.assertEquals(AssertEquals.java:184)
	at org.junit.jupiter.api.AssertEquals.assertEquals(AssertEquals.java:179)
	at org.junit.jupiter.api.Assertions.assertEquals(Assertions.java:508)
	at model.nguoiHocTest.testGetNgayDK(nguoiHocTest.java:280)
</failure>
    <system-out>getNgayDK
</system-out>
  </testcase>
  <testcase classname="model.nguoiHocTest" name="model.nguoiHocTest.testSetNgayDK" time="0"/>
  <testcase classname="model.nguoiHocTest" name="model.nguoiHocTest.testToString" time="0.001">
    <failure message="expected: &lt;&gt; but was: &lt;null&gt;" type="org.opentest4j.AssertionFailedError">org.opentest4j.AssertionFailedError: expected: &lt;&gt; but was: &lt;null&gt;
	at org.junit.jupiter.api.AssertionUtils.fail(AssertionUtils.java:54)
	at org.junit.jupiter.api.AssertEquals.failNotEqual(AssertEquals.java:195)
	at org.junit.jupiter.api.AssertEquals.assertEquals(AssertEquals.java:184)
	at org.junit.jupiter.api.AssertEquals.assertEquals(AssertEquals.java:179)
	at org.junit.jupiter.api.Assertions.assertEquals(Assertions.java:508)
	at model.nguoiHocTest.testToString(nguoiHocTest.java:50)
</failure>
    <system-out>toString
</system-out>
  </testcase>
  <testcase classname="model.nguoiHocTest" name="model.nguoiHocTest.testGetNgaySinh" time="0.002">
    <failure message="The test case is a prototype." type="org.opentest4j.AssertionFailedError">org.opentest4j.AssertionFailedError: The test case is a prototype.
	at org.junit.jupiter.api.AssertionUtils.fail(AssertionUtils.java:38)
	at org.junit.jupiter.api.Assertions.fail(Assertions.java:84)
	at model.nguoiHocTest.testGetNgaySinh(nguoiHocTest.java:117)
</failure>
    <system-out>getNgaySinh
</system-out>
  </testcase>
  <testcase classname="model.nguoiHocTest" name="model.nguoiHocTest.testGetHoTen" time="0">
    <failure message="expected: &lt;&gt; but was: &lt;null&gt;" type="org.opentest4j.AssertionFailedError">org.opentest4j.AssertionFailedError: expected: &lt;&gt; but was: &lt;null&gt;
	at org.junit.jupiter.api.AssertionUtils.fail(AssertionUtils.java:54)
	at org.junit.jupiter.api.AssertEquals.failNotEqual(AssertEquals.java:195)
	at org.junit.jupiter.api.AssertEquals.assertEquals(AssertEquals.java:184)
	at org.junit.jupiter.api.AssertEquals.assertEquals(AssertEquals.java:179)
	at org.junit.jupiter.api.Assertions.assertEquals(Assertions.java:508)
	at model.nguoiHocTest.testGetHoTen(nguoiHocTest.java:88)
</failure>
    <system-out>getHoTen
</system-out>
  </testcase>
  <testcase classname="model.nguoiHocTest" name="model.nguoiHocTest.testSetHoTen" time="0"/>
  <testcase classname="model.nguoiHocTest" name="model.nguoiHocTest.testSetNgaySinh" time="0"/>
  <testcase classname="model.nguoiHocTest" name="model.nguoiHocTest.testIsGioiTinh" time="0">
    <failure message="The test case is a prototype." type="org.opentest4j.AssertionFailedError">org.opentest4j.AssertionFailedError: The test case is a prototype.
	at org.junit.jupiter.api.AssertionUtils.fail(AssertionUtils.java:38)
	at org.junit.jupiter.api.Assertions.fail(Assertions.java:84)
	at model.nguoiHocTest.testIsGioiTinh(nguoiHocTest.java:144)
</failure>
    <system-out>isGioiTinh
</system-out>
  </testcase>
  <testcase classname="model.nguoiHocTest" name="model.nguoiHocTest.testSetGioiTinh" time="0"/>
  <testcase classname="model.nguoiHocTest" name="model.nguoiHocTest.testGetMaNH" time="0">
    <failure message="expected: &lt;&gt; but was: &lt;null&gt;" type="org.opentest4j.AssertionFailedError">org.opentest4j.AssertionFailedError: expected: &lt;&gt; but was: &lt;null&gt;
	at org.junit.jupiter.api.AssertionUtils.fail(AssertionUtils.java:54)
	at org.junit.jupiter.api.AssertEquals.failNotEqual(AssertEquals.java:195)
	at org.junit.jupiter.api.AssertEquals.assertEquals(AssertEquals.java:184)
	at org.junit.jupiter.api.AssertEquals.assertEquals(AssertEquals.java:179)
	at org.junit.jupiter.api.Assertions.assertEquals(Assertions.java:508)
	at model.nguoiHocTest.testGetMaNH(nguoiHocTest.java:64)
</failure>
    <system-out>getMaNH
</system-out>
  </testcase>
  <testcase classname="model.nguoiHocTest" name="model.nguoiHocTest.testSetMaNH" time="0.012">
    <failure message="expected: &lt;123&gt; but was: &lt;&gt;" type="org.opentest4j.AssertionFailedError">org.opentest4j.AssertionFailedError: expected: &lt;123&gt; but was: &lt;&gt;
	at org.junit.jupiter.api.AssertionUtils.fail(AssertionUtils.java:54)
	at org.junit.jupiter.api.AssertEquals.failNotEqual(AssertEquals.java:195)
	at org.junit.jupiter.api.AssertEquals.assertEquals(AssertEquals.java:184)
	at org.junit.jupiter.api.AssertEquals.assertEquals(AssertEquals.java:179)
	at org.junit.jupiter.api.Assertions.assertEquals(Assertions.java:508)
	at model.nguoiHocTest.testSetMaNH(nguoiHocTest.java:77)
</failure>
  </testcase>
</testsuite>