<?xml version="1.0" encoding="UTF-8" ?>
<testsuite tests="9" failures="5" name="model.nhanVienTest" time="0.104" errors="0" skipped="0">
  <properties>
[...]
</properties>
  <testcase classname="model.nhanVienTest" name="model.nhanVienTest.testToString" time="0.024">
    <failure message="expected: &lt;&gt; but was: &lt;null&gt;" type="org.opentest4j.AssertionFailedError">org.opentest4j.AssertionFailedError: expected: &lt;&gt; but was: &lt;null&gt;
	at org.junit.jupiter.api.AssertionUtils.fail(AssertionUtils.java:54)
	at org.junit.jupiter.api.AssertEquals.failNotEqual(AssertEquals.java:195)
	at org.junit.jupiter.api.AssertEquals.assertEquals(AssertEquals.java:184)
	at org.junit.jupiter.api.AssertEquals.assertEquals(AssertEquals.java:179)
	at org.junit.jupiter.api.Assertions.assertEquals(Assertions.java:508)
	at model.nhanVienTest.testToString(nhanVienTest.java:49)
</failure>
    <system-out>toString
</system-out>
  </testcase>
  <testcase classname="model.nhanVienTest" name="model.nhanVienTest.testGetMatKhau" time="0">
    <failure message="expected: &lt;&gt; but was: &lt;null&gt;" type="org.opentest4j.AssertionFailedError">org.opentest4j.AssertionFailedError: expected: &lt;&gt; but was: &lt;null&gt;
	at org.junit.jupiter.api.AssertionUtils.fail(AssertionUtils.java:54)
	at org.junit.jupiter.api.AssertEquals.failNotEqual(AssertEquals.java:195)
	at org.junit.jupiter.api.AssertEquals.assertEquals(AssertEquals.java:184)
	at org.junit.jupiter.api.AssertEquals.assertEquals(AssertEquals.java:179)
	at org.junit.jupiter.api.Assertions.assertEquals(Assertions.java:508)
	at model.nhanVienTest.testGetMatKhau(nhanVienTest.java:90)
</failure>
    <system-out>getMatKhau
</system-out>
  </testcase>
  <testcase classname="model.nhanVienTest" name="model.nhanVienTest.testIsVaiTro" time="0">
    <failure message="The test case is a prototype." type="org.opentest4j.AssertionFailedError">org.opentest4j.AssertionFailedError: The test case is a prototype.
	at org.junit.jupiter.api.AssertionUtils.fail(AssertionUtils.java:38)
	at org.junit.jupiter.api.Assertions.fail(Assertions.java:84)
	at model.nhanVienTest.testIsVaiTro(nhanVienTest.java:146)
</failure>
    <system-out>isVaiTro
</system-out>
  </testcase>
  <testcase classname="model.nhanVienTest" name="model.nhanVienTest.testSetMaNV" time="0"/>
  <testcase classname="model.nhanVienTest" name="model.nhanVienTest.testSetVaiTro" time="0"/>
  <testcase classname="model.nhanVienTest" name="model.nhanVienTest.testSetMatKhau" time="0"/>
  <testcase classname="model.nhanVienTest" name="model.nhanVienTest.testSetHoTen" time="0.078"/>
  <testcase classname="model.nhanVienTest" name="model.nhanVienTest.testGetMaNV" time="0.001">
    <failure message="expected: &lt;&gt; but was: &lt;null&gt;" type="org.opentest4j.AssertionFailedError">org.opentest4j.AssertionFailedError: expected: &lt;&gt; but was: &lt;null&gt;
	at org.junit.jupiter.api.AssertionUtils.fail(AssertionUtils.java:54)
	at org.junit.jupiter.api.AssertEquals.failNotEqual(AssertEquals.java:195)
	at org.junit.jupiter.api.AssertEquals.assertEquals(AssertEquals.java:184)
	at org.junit.jupiter.api.AssertEquals.assertEquals(AssertEquals.java:179)
	at org.junit.jupiter.api.Assertions.assertEquals(Assertions.java:508)
	at model.nhanVienTest.testGetMaNV(nhanVienTest.java:63)
</failure>
    <system-out>getMaNV
</system-out>
  </testcase>
  <testcase classname="model.nhanVienTest" name="model.nhanVienTest.testGetHoTen" time="0.001">
    <failure message="expected: &lt;&gt; but was: &lt;null&gt;" type="org.opentest4j.AssertionFailedError">org.opentest4j.AssertionFailedError: expected: &lt;&gt; but was: &lt;null&gt;
	at org.junit.jupiter.api.AssertionUtils.fail(AssertionUtils.java:54)
	at org.junit.jupiter.api.AssertEquals.failNotEqual(AssertEquals.java:195)
	at org.junit.jupiter.api.AssertEquals.assertEquals(AssertEquals.java:184)
	at org.junit.jupiter.api.AssertEquals.assertEquals(AssertEquals.java:179)
	at org.junit.jupiter.api.Assertions.assertEquals(Assertions.java:508)
	at model.nhanVienTest.testGetHoTen(nhanVienTest.java:117)
</failure>
    <system-out>getHoTen
</system-out>
  </testcase>
</testsuite>