<?xml version="1.0" encoding="UTF-8" ?>
<testsuite tests="8" failures="6" name="model.hocVienTest" time="0.026" errors="0" skipped="0">
  <properties>
[...]
</properties>
  <testcase classname="model.hocVienTest" name="model.hocVienTest.testGetMaHV" time="0.014">
    <failure message="The test case is a prototype." type="org.opentest4j.AssertionFailedError">org.opentest4j.AssertionFailedError: The test case is a prototype.
	at org.junit.jupiter.api.AssertionUtils.fail(AssertionUtils.java:38)
	at org.junit.jupiter.api.Assertions.fail(Assertions.java:84)
	at model.hocVienTest.testGetMaHV(hocVienTest.java:57)
</failure>
  </testcase>
  <testcase classname="model.hocVienTest" name="model.hocVienTest.testSetDiem" time="0">
    <failure message="positive delta expected but was: &lt;0.0&gt;" type="org.opentest4j.AssertionFailedError">org.opentest4j.AssertionFailedError: positive delta expected but was: &lt;0.0&gt;
	at org.junit.jupiter.api.AssertionUtils.fail(AssertionUtils.java:38)
	at org.junit.jupiter.api.AssertionUtils.failIllegalDelta(AssertionUtils.java:177)
	at org.junit.jupiter.api.AssertionUtils.assertValidDelta(AssertionUtils.java:152)
	at org.junit.jupiter.api.AssertionUtils.doublesAreEqual(AssertionUtils.java:161)
	at org.junit.jupiter.api.AssertEquals.assertEquals(AssertEquals.java:87)
	at org.junit.jupiter.api.AssertEquals.assertEquals(AssertEquals.java:83)
	at org.junit.jupiter.api.Assertions.assertEquals(Assertions.java:479)
	at model.hocVienTest.testSetDiem(hocVienTest.java:164)
</failure>
  </testcase>
  <testcase classname="model.hocVienTest" name="model.hocVienTest.testSetMaHV" time="0"/>
  <testcase classname="model.hocVienTest" name="model.hocVienTest.testGetMaNH" time="0.01">
    <failure message="expected: &lt;&gt; but was: &lt;null&gt;" type="org.opentest4j.AssertionFailedError">org.opentest4j.AssertionFailedError: expected: &lt;&gt; but was: &lt;null&gt;
	at org.junit.jupiter.api.AssertionUtils.fail(AssertionUtils.java:54)
	at org.junit.jupiter.api.AssertEquals.failNotEqual(AssertEquals.java:195)
	at org.junit.jupiter.api.AssertEquals.assertEquals(AssertEquals.java:184)
	at org.junit.jupiter.api.AssertEquals.assertEquals(AssertEquals.java:179)
	at org.junit.jupiter.api.Assertions.assertEquals(Assertions.java:508)
	at model.hocVienTest.testGetMaNH(hocVienTest.java:118)
</failure>
    <system-out>getMaNH
</system-out>
  </testcase>
  <testcase classname="model.hocVienTest" name="model.hocVienTest.testGetMaKH" time="0.001">
    <failure message="The test case is a prototype." type="org.opentest4j.AssertionFailedError">org.opentest4j.AssertionFailedError: The test case is a prototype.
	at org.junit.jupiter.api.AssertionUtils.fail(AssertionUtils.java:38)
	at org.junit.jupiter.api.Assertions.fail(Assertions.java:84)
	at model.hocVienTest.testGetMaKH(hocVienTest.java:90)
</failure>
    <system-out>getMaKH
</system-out>
  </testcase>
  <testcase classname="model.hocVienTest" name="model.hocVienTest.testGetDiem" time="0.001">
    <failure message="positive delta expected but was: &lt;0.0&gt;" type="org.opentest4j.AssertionFailedError">org.opentest4j.AssertionFailedError: positive delta expected but was: &lt;0.0&gt;
	at org.junit.jupiter.api.AssertionUtils.fail(AssertionUtils.java:38)
	at org.junit.jupiter.api.AssertionUtils.failIllegalDelta(AssertionUtils.java:177)
	at org.junit.jupiter.api.AssertionUtils.assertValidDelta(AssertionUtils.java:152)
	at org.junit.jupiter.api.AssertionUtils.doublesAreEqual(AssertionUtils.java:161)
	at org.junit.jupiter.api.AssertEquals.assertEquals(AssertEquals.java:87)
	at org.junit.jupiter.api.AssertEquals.assertEquals(AssertEquals.java:83)
	at org.junit.jupiter.api.Assertions.assertEquals(Assertions.java:479)
	at model.hocVienTest.testGetDiem(hocVienTest.java:148)
</failure>
    <system-out>getDiem
</system-out>
  </testcase>
  <testcase classname="model.hocVienTest" name="model.hocVienTest.testSetMaNH" time="0">
    <failure message="expected: &lt;123&gt; but was: &lt;&gt;" type="org.opentest4j.AssertionFailedError">org.opentest4j.AssertionFailedError: expected: &lt;123&gt; but was: &lt;&gt;
	at org.junit.jupiter.api.AssertionUtils.fail(AssertionUtils.java:54)
	at org.junit.jupiter.api.AssertEquals.failNotEqual(AssertEquals.java:195)
	at org.junit.jupiter.api.AssertEquals.assertEquals(AssertEquals.java:184)
	at org.junit.jupiter.api.AssertEquals.assertEquals(AssertEquals.java:179)
	at org.junit.jupiter.api.Assertions.assertEquals(Assertions.java:508)
	at model.hocVienTest.testSetMaNH(hocVienTest.java:135)
</failure>
  </testcase>
  <testcase classname="model.hocVienTest" name="model.hocVienTest.testSetMaKH" time="0"/>
</testsuite>